<?xml version="1.0" encoding="UTF-8"?>
<testsuite xmlns:xsi="http://www.w3.org/2001/XMLSchema-instance" xsi:noNamespaceSchemaLocation="https://maven.apache.org/surefire/maven-surefire-plugin/xsd/surefire-test-report.xsd" name="US_Different url" time="39.639" tests="3" errors="0" skipped="0" failures="0">
  <properties>
[...]
</properties>
  <testcase name=" #1" classname="US_Different url" time="21.608"/>
  <testcase name=" #2" classname="US_Different url" time="10.57"/>
  <testcase name=" #3" classname="US_Different url" time="7.458"/>
</testsuite>